.venv/bin/pyinstaller --onefile --name ftdc-engine \
	  --collect-all bson --collect-all numpy --collect-all pymongo \
	  --add-data "/Users/manishsinha/Desktop/Projects/ftdc-analyzer/ftdc_analyzer/tier_tables:ftdc_analyzer/tier_tables" \
	  --paths . --distpath dist --workpath build/pyi --specpath build \
	  --noconfirm ftdc_engine_entry.py
55 INFO: PyInstaller: 6.21.0, contrib hooks: 2026.6
56 INFO: Python: 3.14.5
66 INFO: Platform: macOS-26.5.1-arm64-arm-64bit-Mach-O
67 INFO: Python environment: /Users/manishsinha/Desktop/Projects/ftdc-analyzer/.venv
67 INFO: wrote build/ftdc-engine.spec
152 WARNING: Failed to collect submodules for 'numpy.f2py.tests' because importing 'numpy.f2py.tests' raised: ModuleNotFoundError: No module named 'pytest'
930 INFO: Module search paths (PYTHONPATH):
['/opt/homebrew/Cellar/python@3.14/3.14.5/Frameworks/Python.framework/Versions/3.14/lib/python314.zip',
 '/opt/homebrew/Cellar/python@3.14/3.14.5/Frameworks/Python.framework/Versions/3.14/lib/python3.14',
 '/opt/homebrew/Cellar/python@3.14/3.14.5/Frameworks/Python.framework/Versions/3.14/lib/python3.14/lib-dynload',
 '/Users/manishsinha/Desktop/Projects/ftdc-analyzer/.venv/lib/python3.14/site-packages',
 '/Users/manishsinha/Desktop/Projects/ftdc-analyzer']
1069 INFO: Appending 'datas' from .spec
1080 INFO: checking Analysis
1103 INFO: checking PYZ
1108 INFO: EXE target arch: arm64
1108 INFO: Code signing identity: None
1116 INFO: checking PKG
1122 INFO: Bootloader /Users/manishsinha/Desktop/Projects/ftdc-analyzer/.venv/lib/python3.14/site-packages/PyInstaller/bootloader/Darwin-64bit/run
1122 INFO: checking EXE
1126 INFO: Build complete! The results are available in: /Users/manishsinha/Desktop/Projects/ftdc-analyzer/dist
mkdir -p app/src-tauri/binaries
cp dist/ftdc-engine "app/src-tauri/binaries/ftdc-engine-aarch64-apple-darwin"
chmod +x "app/src-tauri/binaries/ftdc-engine-aarch64-apple-darwin"
sidecar staged: app/src-tauri/binaries/ftdc-engine-aarch64-apple-darwin
cd app && npm run tauri build

> app@0.1.0 tauri
> tauri build

        Info Looking up installed tauri packages to check mismatched versions...
     Running beforeBuildCommand `npm run build`

> app@0.1.0 build
> tsc && vite build

vite v7.3.5 building client environment for production...
transforming...
✓ 2497 modules transformed.
rendering chunks...
computing gzip size...
dist/index.html                   0.47 kB │ gzip:   0.31 kB
dist/assets/index-DfnguPK7.css   84.72 kB │ gzip:  13.79 kB
dist/assets/index-DFf9C5O2.js   953.03 kB │ gzip: 281.28 kB

(!) Some chunks are larger than 500 kB after minification. Consider:
- Using dynamic import() to code-split the application
- Use build.rollupOptions.output.manualChunks to improve chunking: https://rollupjs.org/configuration-options/#output-manualchunks
- Adjust chunk size limit for this warning via build.chunkSizeWarningLimit.
✓ built in 1.81s
   Compiling app v0.1.0 (/Users/manishsinha/Desktop/Projects/ftdc-analyzer/app/src-tauri)
    Finished `release` profile [optimized] target(s) in 17.78s
       Built application at: /Users/manishsinha/Desktop/Projects/ftdc-analyzer/app/src-tauri/target/release/app
    Bundling FTDC Analyzer.app (/Users/manishsinha/Desktop/Projects/ftdc-analyzer/app/src-tauri/target/release/bundle/macos/FTDC Analyzer.app)
    Bundling FTDC Analyzer_0.1.0_aarch64.dmg (/Users/manishsinha/Desktop/Projects/ftdc-analyzer/app/src-tauri/target/release/bundle/dmg/FTDC Analyzer_0.1.0_aarch64.dmg)
     Running bundle_dmg.sh
    Finished 2 bundles at:
        /Users/manishsinha/Desktop/Projects/ftdc-analyzer/app/src-tauri/target/release/bundle/macos/FTDC Analyzer.app
        /Users/manishsinha/Desktop/Projects/ftdc-analyzer/app/src-tauri/target/release/bundle/dmg/FTDC Analyzer_0.1.0_aarch64.dmg

bundles in app/src-tauri/target/release/bundle/ (.app + .dmg)
